<?xml version="1.0" encoding="UTF-8"?>
<!-- Generated by org.testng.reporters.JUnitReportReporter -->
<testsuite skipped="0" hostname="CBT-MH-000" name="travels.Testcase1" tests="1" failures="0" timestamp="11 Oct 2019 09:06:51 GMT" time="15.801" errors="0">
  <testcase name="userRegistration" time="15.801" classname="travels.Testcase1"/>
</testsuite> <!-- travels.Testcase1 -->
