<?xml version="1.0" encoding="UTF-8"?>
<!-- Generated by org.testng.reporters.JUnitReportReporter -->
<testsuite skipped="0" hostname="CBT-MH-000" name="travels.FlighttestCase" tests="1" failures="0" timestamp="05 Oct 2019 10:27:14 GMT" time="4.947" errors="0">
  <testcase name="flightSearch" time="4.947" classname="travels.FlighttestCase"/>
</testsuite> <!-- travels.FlighttestCase -->
